This file contains any messages produced by compilers while
running configure, to aid debugging if configure makes a mistake.

It was created by configure, which was
generated by GNU Autoconf 2.71.  Invocation command line was

  $ ./configure

## --------- ##
## Platform. ##
## --------- ##

hostname = jim-lemur-2021
uname -m = x86_64
uname -r = 5.15.8-76051508-generic
uname -s = Linux
uname -v = #202112141040~1639505278~21.10~0ede46a SMP Tue Dec 14 22:38:29 U

/usr/bin/uname -p = x86_64
/bin/uname -X     = unknown

/bin/arch              = x86_64
/usr/bin/arch -k       = unknown
/usr/convex/getsysinfo = unknown
/usr/bin/hostinfo      = unknown
/bin/machine           = unknown
/usr/bin/oslevel       = unknown
/bin/universe          = unknown

PATH: /home/jim/.nvm/versions/node/v13.11.0/bin/
PATH: /home/jim/perl5/bin/
PATH: /home/jim/.npm-packages/bin/
PATH: /home/jim/.cargo/bin/
PATH: /home/jim/bin/
PATH: /usr/local/sbin/
PATH: /usr/local/bin/
PATH: /usr/sbin/
PATH: /usr/bin/
PATH: /sbin/
PATH: /bin/
PATH: /usr/games/
PATH: /usr/local/games/
PATH: /snap/bin/
PATH: /home/jim/.local/bin/


## ----------- ##
## Core tests. ##
## ----------- ##

configure:2707: looking for aux files: install-sh config.guess config.sub
configure:2720:  trying ./
configure:2749:   ./config.guess found
configure:2749:   ./config.sub found
configure:2720:  trying ./../
configure:2720:  trying ./../../
configure:2773: error: cannot find required auxiliary files: install-sh

## ---------------- ##
## Cache variables. ##
## ---------------- ##

ac_cv_env_CC_set=
ac_cv_env_CC_value=
ac_cv_env_CFLAGS_set=
ac_cv_env_CFLAGS_value=
ac_cv_env_CPPFLAGS_set=
ac_cv_env_CPPFLAGS_value=
ac_cv_env_CPP_set=
ac_cv_env_CPP_value=
ac_cv_env_LDFLAGS_set=
ac_cv_env_LDFLAGS_value=
ac_cv_env_LIBS_set=
ac_cv_env_LIBS_value=
ac_cv_env_build_alias_set=
ac_cv_env_build_alias_value=
ac_cv_env_host_alias_set=
ac_cv_env_host_alias_value=
ac_cv_env_target_alias_set=
ac_cv_env_target_alias_value=

## ----------------- ##
## Output variables. ##
## ----------------- ##

CC=''
CFLAGS=''
CPP=''
CPPFLAGS=''
DEFS=''
ECHO_C=''
ECHO_N='-n'
ECHO_T=''
EGREP=''
EXEEXT=''
GREP=''
INSTALL_DATA=''
INSTALL_PROGRAM=''
INSTALL_SCRIPT=''
LDFLAGS=''
LIBOBJS=''
LIBS=''
LTLIBOBJS=''
MKDIR_P=''
MORECFLAGS=''
OBJEXT=''
PACKAGE_BUGREPORT=''
PACKAGE_NAME=''
PACKAGE_STRING=''
PACKAGE_TARNAME=''
PACKAGE_URL=''
PACKAGE_VERSION=''
PATH_SEPARATOR=':'
SHELL='/bin/bash'
ac_ct_CC=''
ac_cv_sizeof___int128=''
ac_cv_sizeof___int128_t=''
ac_cv_sizeof_int=''
ac_cv_sizeof_long=''
ac_cv_sizeof_long_long=''
ac_cv_sizeof_voidp=''
ac_cv_sys_file_offset_bits=''
ac_cv_tls=''
allow_interrupt=''
bindir='${exec_prefix}/bin'
build=''
build_alias=''
build_cpu=''
build_os=''
build_vendor=''
datadir='${datarootdir}'
datarootdir='${prefix}/share'
default_wordsize=''
docdir='${datarootdir}/doc/${PACKAGE}'
dvidir='${docdir}'
edit_msg=''
exec_prefix='NONE'
fdopen_dec=''
flex_array_ok=''
ftell_dec=''
has_math_inf=''
have_ansicontrols=''
have_clz=''
have_clzl=''
have_clzll=''
have_fork=''
have_fseeko=''
have_getrusage=''
have_gettimeofday=''
have_hwlzcnt=''
have_hwpopcnt=''
have_isatty=''
have_mmpop32=''
have_mmpop64=''
have_perror=''
have_pid_t=''
have_pipe=''
have_popcnt=''
have_popcntl=''
have_popcntll=''
have_popen=''
have_putenv=''
have_setenv=''
have_sigaction=''
have_sigprocmask=''
have_time=''
have_times=''
have_wait=''
header_errno_h=''
header_limits_h=''
header_signal_h=''
header_stddef_h=''
header_stdint_h=''
header_stdlib_h=''
header_string_h=''
header_sys_types_h=''
header_sys_wait_h=''
header_unistd_h=''
host=''
host_alias=''
host_cpu=''
host_os=''
host_vendor=''
htmldir='${docdir}'
includedir='${prefix}/include'
infodir='${datarootdir}/info'
libdir='${exec_prefix}/lib'
libexecdir='${exec_prefix}/libexec'
localedir='${datarootdir}/locale'
localstatedir='${prefix}/var'
lok=''
malloc_dec=''
mandir='${datarootdir}/man'
oldincludedir='/usr/include'
pdfdir='${docdir}'
popen_dec=''
prefix='NONE'
program_transform_name='s,x,x,'
psdir='${docdir}'
putenv_dec=''
runstatedir='${localstatedir}/run'
sbindir='${exec_prefix}/sbin'
setenv_dec=''
sharedstatedir='${prefix}/com'
shortg_or_null=''
sort_newparams_ok=''
sort_prog=''
stdio_nolock=''
sysconfdir='${prefix}/etc'
target_alias=''
testprogs=''
tls_supported=''
use_tls=''

## ----------- ##
## confdefs.h. ##
## ----------- ##

/* confdefs.h */
#define PACKAGE_NAME ""
#define PACKAGE_TARNAME ""
#define PACKAGE_VERSION ""
#define PACKAGE_STRING ""
#define PACKAGE_BUGREPORT ""
#define PACKAGE_URL ""

configure: exit 1
